0 info it worked if it ends with ok
1 verbose cli [ '/Users/zen/.nvm/versions/node/v5.0.0/bin/node',
1 verbose cli   '/Users/zen/.nvm/versions/node/v5.0.0/bin/npm',
1 verbose cli   'run',
1 verbose cli   'start' ]
2 info using npm@3.3.6
3 info using node@v5.0.0
4 verbose run-script [ 'prestart', 'start', 'poststart' ]
5 info lifecycle react-redux-erp-boilpalte@0.0.1~prestart: react-redux-erp-boilpalte@0.0.1
6 silly lifecycle react-redux-erp-boilpalte@0.0.1~prestart: no script for prestart, continuing
7 info lifecycle react-redux-erp-boilpalte@0.0.1~start: react-redux-erp-boilpalte@0.0.1
8 verbose lifecycle react-redux-erp-boilpalte@0.0.1~start: unsafe-perm in lifecycle true
9 verbose lifecycle react-redux-erp-boilpalte@0.0.1~start: PATH: /Users/zen/.nvm/versions/node/v5.0.0/lib/node_modules/npm/bin/node-gyp-bin:/Users/zen/myproject/react-redux-erp-boilpalte/node_modules/.bin:/usr/local/heroku/bin:/Users/zen/.nvm/versions/node/v5.0.0/bin:/Applications/Electron.app/Contents/MacOS:/usr/local/Cellar/python3/3.4.3:/Users/zenjayjay/.rbenv/versions/2.2.2/bin:/usr/local/git/bin/git:/usr/local/bin:/usr/bin:/bin:/usr/sbin:/sbin:/Applications/Sublime Text.app/Contents/SharedSupport/bin:/Users/zenjayjay/bin:/usr/local/lib/node_modules/karma/bin/
10 verbose lifecycle react-redux-erp-boilpalte@0.0.1~start: CWD: /Users/zen/myproject/react-redux-erp-boilpalte
11 silly lifecycle react-redux-erp-boilpalte@0.0.1~start: Args: [ '-c', 'gulp dev' ]
12 silly lifecycle react-redux-erp-boilpalte@0.0.1~start: Returned: code: 1  signal: null
13 info lifecycle react-redux-erp-boilpalte@0.0.1~start: Failed to exec start script
14 verbose stack Error: react-redux-erp-boilpalte@0.0.1 start: `gulp dev`
14 verbose stack Exit status 1
14 verbose stack     at EventEmitter.<anonymous> (/Users/zen/.nvm/versions/node/v5.0.0/lib/node_modules/npm/lib/utils/lifecycle.js:233:16)
14 verbose stack     at emitTwo (events.js:87:13)
14 verbose stack     at EventEmitter.emit (events.js:172:7)
14 verbose stack     at ChildProcess.<anonymous> (/Users/zen/.nvm/versions/node/v5.0.0/lib/node_modules/npm/lib/utils/spawn.js:24:14)
14 verbose stack     at emitTwo (events.js:87:13)
14 verbose stack     at ChildProcess.emit (events.js:172:7)
14 verbose stack     at maybeClose (internal/child_process.js:818:16)
14 verbose stack     at Process.ChildProcess._handle.onexit (internal/child_process.js:211:5)
15 verbose pkgid react-redux-erp-boilpalte@0.0.1
16 verbose cwd /Users/zen/myproject/react-redux-erp-boilpalte
17 error Darwin 15.0.0
18 error argv "/Users/zen/.nvm/versions/node/v5.0.0/bin/node" "/Users/zen/.nvm/versions/node/v5.0.0/bin/npm" "run" "start"
19 error node v5.0.0
20 error npm  v3.3.6
21 error code ELIFECYCLE
22 error react-redux-erp-boilpalte@0.0.1 start: `gulp dev`
22 error Exit status 1
23 error Failed at the react-redux-erp-boilpalte@0.0.1 start script 'gulp dev'.
23 error This is most likely a problem with the react-redux-erp-boilpalte package,
23 error not with npm itself.
23 error Tell the author that this fails on your system:
23 error     gulp dev
23 error You can get their info via:
23 error     npm owner ls react-redux-erp-boilpalte
23 error There is likely additional logging output above.
24 verbose exit [ 1, true ]
